<?xml version="1.0" encoding="UTF-8"?>
<testng-results ignored="0" total="7" passed="6" failed="1" skipped="0">
  <reporter-output>
  </reporter-output>
  <suite started-at="2022-08-29T21:41:36Z" name="Suite pruebas de regresión" finished-at="2022-08-29T21:43:48Z" duration-ms="132056">
    <groups>
    </groups>
    <test started-at="2022-08-29T21:41:36Z" name="Casos de prueba" finished-at="2022-08-29T21:43:48Z" duration-ms="132056">
      <class name="tests.Tests">
        <test-method is-config="true" signature="preparacionEjecucion()[pri:0, instance:tests.Tests@78e4deb0]" started-at="2022-08-29T21:41:36Z" name="preparacionEjecucion" finished-at="2022-08-29T21:41:38Z" duration-ms="2340" status="PASS">
          <reporter-output>
          </reporter-output>
        </test-method> <!-- preparacionEjecucion -->
        <test-method signature="CP001_login_fallido()[pri:0, instance:tests.Tests@78e4deb0]" started-at="2022-08-29T21:41:38Z" name="CP001_login_fallido" finished-at="2022-08-29T21:41:41Z" duration-ms="3211" status="PASS">
          <reporter-output>
          </reporter-output>
        </test-method> <!-- CP001_login_fallido -->
        <test-method is-config="true" signature="posPrueba()[pri:0, instance:tests.Tests@78e4deb0]" started-at="2022-08-29T21:41:41Z" name="posPrueba" finished-at="2022-08-29T21:41:44Z" duration-ms="2395" status="PASS">
          <reporter-output>
          </reporter-output>
        </test-method> <!-- posPrueba -->
        <test-method is-config="true" signature="preparacionEjecucion()[pri:0, instance:tests.Tests@78e4deb0]" started-at="2022-08-29T21:41:44Z" name="preparacionEjecucion" finished-at="2022-08-29T21:41:46Z" duration-ms="1968" status="PASS">
          <reporter-output>
          </reporter-output>
        </test-method> <!-- preparacionEjecucion -->
        <test-method signature="CP002_login_exitoso()[pri:0, instance:tests.Tests@78e4deb0]" started-at="2022-08-29T21:41:46Z" name="CP002_login_exitoso" finished-at="2022-08-29T21:41:56Z" duration-ms="10127" status="PASS">
          <reporter-output>
          </reporter-output>
        </test-method> <!-- CP002_login_exitoso -->
        <test-method is-config="true" signature="posPrueba()[pri:0, instance:tests.Tests@78e4deb0]" started-at="2022-08-29T21:41:56Z" name="posPrueba" finished-at="2022-08-29T21:41:58Z" duration-ms="2394" status="PASS">
          <reporter-output>
          </reporter-output>
        </test-method> <!-- posPrueba -->
        <test-method is-config="true" signature="preparacionEjecucion()[pri:0, instance:tests.Tests@78e4deb0]" started-at="2022-08-29T21:41:58Z" name="preparacionEjecucion" finished-at="2022-08-29T21:42:00Z" duration-ms="1899" status="PASS">
          <reporter-output>
          </reporter-output>
        </test-method> <!-- preparacionEjecucion -->
        <test-method signature="CP003_cerrar_sesion()[pri:0, instance:tests.Tests@78e4deb0]" started-at="2022-08-29T21:42:00Z" name="CP003_cerrar_sesion" finished-at="2022-08-29T21:42:04Z" duration-ms="4486" status="PASS">
          <reporter-output>
          </reporter-output>
        </test-method> <!-- CP003_cerrar_sesion -->
        <test-method is-config="true" signature="posPrueba()[pri:0, instance:tests.Tests@78e4deb0]" started-at="2022-08-29T21:42:04Z" name="posPrueba" finished-at="2022-08-29T21:42:07Z" duration-ms="2398" status="PASS">
          <reporter-output>
          </reporter-output>
        </test-method> <!-- posPrueba -->
        <test-method is-config="true" signature="preparacionEjecucion()[pri:0, instance:tests.Tests@78e4deb0]" started-at="2022-08-29T21:42:07Z" name="preparacionEjecucion" finished-at="2022-08-29T21:42:09Z" duration-ms="1901" status="PASS">
          <reporter-output>
          </reporter-output>
        </test-method> <!-- preparacionEjecucion -->
        <test-method signature="CP006_enviar_solicitud()[pri:0, instance:tests.Tests@78e4deb0]" started-at="2022-08-29T21:42:09Z" name="CP006_enviar_solicitud" finished-at="2022-08-29T21:42:33Z" duration-ms="24124" status="PASS">
          <reporter-output>
          </reporter-output>
        </test-method> <!-- CP006_enviar_solicitud -->
        <test-method is-config="true" signature="posPrueba()[pri:0, instance:tests.Tests@78e4deb0]" started-at="2022-08-29T21:42:33Z" name="posPrueba" finished-at="2022-08-29T21:42:35Z" duration-ms="2400" status="PASS">
          <reporter-output>
          </reporter-output>
        </test-method> <!-- posPrueba -->
        <test-method is-config="true" signature="preparacionEjecucion()[pri:0, instance:tests.Tests@78e4deb0]" started-at="2022-08-29T21:42:35Z" name="preparacionEjecucion" finished-at="2022-08-29T21:42:37Z" duration-ms="1937" status="PASS">
          <reporter-output>
          </reporter-output>
        </test-method> <!-- preparacionEjecucion -->
        <test-method signature="CP007_cancelar_solicitud()[pri:0, instance:tests.Tests@78e4deb0]" started-at="2022-08-29T21:42:37Z" name="CP007_cancelar_solicitud" finished-at="2022-08-29T21:43:01Z" duration-ms="24215" status="PASS">
          <reporter-output>
          </reporter-output>
        </test-method> <!-- CP007_cancelar_solicitud -->
        <test-method is-config="true" signature="posPrueba()[pri:0, instance:tests.Tests@78e4deb0]" started-at="2022-08-29T21:43:01Z" name="posPrueba" finished-at="2022-08-29T21:43:02Z" duration-ms="111" status="PASS">
          <reporter-output>
          </reporter-output>
        </test-method> <!-- posPrueba -->
        <test-method is-config="true" signature="preparacionEjecucion()[pri:0, instance:tests.Tests@78e4deb0]" started-at="2022-08-29T21:43:02Z" name="preparacionEjecucion" finished-at="2022-08-29T21:43:03Z" duration-ms="1922" status="PASS">
          <reporter-output>
          </reporter-output>
        </test-method> <!-- preparacionEjecucion -->
        <test-method signature="CP008_Darle_Me_gusta_a_una_pagina()[pri:0, instance:tests.Tests@78e4deb0]" started-at="2022-08-29T21:43:03Z" name="CP008_Darle_Me_gusta_a_una_pagina" finished-at="2022-08-29T21:43:36Z" duration-ms="32556" status="FAIL">
          <exception class="org.openqa.selenium.TimeoutException">
            <message>
              <![CDATA[Expected condition failed: waiting for presence of element located by: By.xpath: /html[1]/body[1]/div[1]/div[1]/div[1]/div[1]/div[3]/div[1]/div[1]/div[1]/div[1]/div[1]/div[2]/div[1]/div[1]/div[1]/div[1]/div[1]/div[1]/div[1]/div[1]/div[1]/div[1]/div[1]/div[1]/div[1]/div[1]/div[3]/div[1]/div[2]/span[1]/a[1]/div[1]/div[1] (tried for 30 second(s) with 500 milliseconds interval)]]>
            </message>
            <full-stacktrace>
              <![CDATA[org.openqa.selenium.TimeoutException: Expected condition failed: waiting for presence of element located by: By.xpath: /html[1]/body[1]/div[1]/div[1]/div[1]/div[1]/div[3]/div[1]/div[1]/div[1]/div[1]/div[1]/div[2]/div[1]/div[1]/div[1]/div[1]/div[1]/div[1]/div[1]/div[1]/div[1]/div[1]/div[1]/div[1]/div[1]/div[1]/div[3]/div[1]/div[2]/span[1]/a[1]/div[1]/div[1] (tried for 30 second(s) with 500 milliseconds interval)
at org.openqa.selenium.support.ui.WebDriverWait.timeoutException(WebDriverWait.java:95)
at org.openqa.selenium.support.ui.FluentWait.until(FluentWait.java:272)
at utils.BaseClass.esperaExplicita(BaseClass.java:54)
at pages.ResultadoDeBusquedaPage.darMeGusta(ResultadoDeBusquedaPage.java:26)
at tests.Tests.CP008_Darle_Me_gusta_a_una_pagina(Tests.java:161)
at java.base/jdk.internal.reflect.DirectMethodHandleAccessor.invoke(DirectMethodHandleAccessor.java:104)
at java.base/java.lang.reflect.Method.invoke(Method.java:577)
at org.testng.internal.MethodInvocationHelper.invokeMethod(MethodInvocationHelper.java:124)
at org.testng.internal.Invoker.invokeMethod(Invoker.java:583)
at org.testng.internal.Invoker.invokeTestMethod(Invoker.java:719)
at org.testng.internal.Invoker.invokeTestMethods(Invoker.java:989)
at org.testng.internal.TestMethodWorker.invokeTestMethods(TestMethodWorker.java:125)
at org.testng.internal.TestMethodWorker.run(TestMethodWorker.java:109)
at org.testng.TestRunner.privateRun(TestRunner.java:648)
at org.testng.TestRunner.run(TestRunner.java:505)
at org.testng.SuiteRunner.runTest(SuiteRunner.java:455)
at org.testng.SuiteRunner.runSequentially(SuiteRunner.java:450)
at org.testng.SuiteRunner.privateRun(SuiteRunner.java:415)
at org.testng.SuiteRunner.run(SuiteRunner.java:364)
at org.testng.SuiteRunnerWorker.runSuite(SuiteRunnerWorker.java:52)
at org.testng.SuiteRunnerWorker.run(SuiteRunnerWorker.java:84)
at org.testng.TestNG.runSuitesSequentially(TestNG.java:1208)
at org.testng.TestNG.runSuitesLocally(TestNG.java:1137)
at org.testng.TestNG.runSuites(TestNG.java:1049)
at org.testng.TestNG.run(TestNG.java:1017)
at org.apache.maven.surefire.testng.TestNGExecutor.run(TestNGExecutor.java:324)
at org.apache.maven.surefire.testng.TestNGXmlTestSuite.execute(TestNGXmlTestSuite.java:74)
at org.apache.maven.surefire.testng.TestNGProvider.invoke(TestNGProvider.java:123)
at org.apache.maven.surefire.booter.ForkedBooter.runSuitesInProcess(ForkedBooter.java:456)
at org.apache.maven.surefire.booter.ForkedBooter.execute(ForkedBooter.java:169)
at org.apache.maven.surefire.booter.ForkedBooter.run(ForkedBooter.java:595)
at org.apache.maven.surefire.booter.ForkedBooter.main(ForkedBooter.java:581)
Caused by: org.openqa.selenium.NoSuchElementException: no such element: Unable to locate element: {"method":"xpath","selector":"/html[1]/body[1]/div[1]/div[1]/div[1]/div[1]/div[3]/div[1]/div[1]/div[1]/div[1]/div[1]/div[2]/div[1]/div[1]/div[1]/div[1]/div[1]/div[1]/div[1]/div[1]/div[1]/div[1]/div[1]/div[1]/div[1]/div[1]/div[3]/div[1]/div[2]/span[1]/a[1]/div[1]/div[1]"}
  (Session info: chrome=104.0.5112.102)
For documentation on this error, please visit: https://www.seleniumhq.org/exceptions/no_such_element.html
Build info: version: '3.141.59', revision: 'e82be7d358', time: '2018-11-14T08:17:03'
System info: host: 'DESKTOP-M1A2ER6', ip: '192.168.0.192', os.name: 'Windows 10', os.arch: 'amd64', os.version: '10.0', java.version: '18.0.2'
Driver info: org.openqa.selenium.chrome.ChromeDriver
Capabilities {acceptInsecureCerts: false, browserName: chrome, browserVersion: 104.0.5112.102, chrome: {chromedriverVersion: 104.0.5112.79 (3cf3e8c8a07d..., userDataDir: C:\Users\Joma\AppData\Local...}, goog:chromeOptions: {debuggerAddress: localhost:62560}, javascriptEnabled: true, networkConnectionEnabled: false, pageLoadStrategy: normal, platform: WINDOWS, platformName: WINDOWS, proxy: Proxy(), setWindowRect: true, strictFileInteractability: false, timeouts: {implicit: 0, pageLoad: 300000, script: 30000}, unhandledPromptBehavior: dismiss and notify, webauthn:extension:credBlob: true, webauthn:extension:largeBlob: true, webauthn:virtualAuthenticators: true}
Session ID: fe91707cacdd3b09f2da4dea9948c155
*** Element info: {Using=xpath, value=/html[1]/body[1]/div[1]/div[1]/div[1]/div[1]/div[3]/div[1]/div[1]/div[1]/div[1]/div[1]/div[2]/div[1]/div[1]/div[1]/div[1]/div[1]/div[1]/div[1]/div[1]/div[1]/div[1]/div[1]/div[1]/div[1]/div[1]/div[3]/div[1]/div[2]/span[1]/a[1]/div[1]/div[1]}
at java.base/jdk.internal.reflect.DirectConstructorHandleAccessor.newInstance(DirectConstructorHandleAccessor.java:67)
at java.base/java.lang.reflect.Constructor.newInstanceWithCaller(Constructor.java:499)
at java.base/java.lang.reflect.Constructor.newInstance(Constructor.java:483)
at org.openqa.selenium.remote.http.W3CHttpResponseCodec.createException(W3CHttpResponseCodec.java:187)
at org.openqa.selenium.remote.http.W3CHttpResponseCodec.decode(W3CHttpResponseCodec.java:122)
at org.openqa.selenium.remote.http.W3CHttpResponseCodec.decode(W3CHttpResponseCodec.java:49)
at org.openqa.selenium.remote.HttpCommandExecutor.execute(HttpCommandExecutor.java:158)
at org.openqa.selenium.remote.service.DriverCommandExecutor.execute(DriverCommandExecutor.java:83)
at org.openqa.selenium.remote.RemoteWebDriver.execute(RemoteWebDriver.java:552)
at org.openqa.selenium.remote.RemoteWebDriver.findElement(RemoteWebDriver.java:323)
at org.openqa.selenium.remote.RemoteWebDriver.findElementByXPath(RemoteWebDriver.java:428)
at org.openqa.selenium.By$ByXPath.findElement(By.java:353)
at org.openqa.selenium.remote.RemoteWebDriver.findElement(RemoteWebDriver.java:315)
at org.openqa.selenium.support.ui.ExpectedConditions$6.apply(ExpectedConditions.java:182)
at org.openqa.selenium.support.ui.ExpectedConditions$6.apply(ExpectedConditions.java:179)
at org.openqa.selenium.support.ui.FluentWait.until(FluentWait.java:249)
... 30 more
]]>
            </full-stacktrace>
          </exception> <!-- org.openqa.selenium.TimeoutException -->
          <reporter-output>
          </reporter-output>
        </test-method> <!-- CP008_Darle_Me_gusta_a_una_pagina -->
        <test-method is-config="true" signature="posPrueba()[pri:0, instance:tests.Tests@78e4deb0]" started-at="2022-08-29T21:43:36Z" name="posPrueba" finished-at="2022-08-29T21:43:38Z" duration-ms="2401" status="PASS">
          <reporter-output>
          </reporter-output>
        </test-method> <!-- posPrueba -->
        <test-method is-config="true" signature="preparacionEjecucion()[pri:0, instance:tests.Tests@78e4deb0]" started-at="2022-08-29T21:43:38Z" name="preparacionEjecucion" finished-at="2022-08-29T21:43:40Z" duration-ms="2000" status="PASS">
          <reporter-output>
          </reporter-output>
        </test-method> <!-- preparacionEjecucion -->
        <test-method signature="CP004_modo_oscuro()[pri:0, instance:tests.Tests@78e4deb0]" started-at="2022-08-29T21:43:40Z" name="CP004_modo_oscuro" finished-at="2022-08-29T21:43:45Z" duration-ms="4862" status="PASS">
          <reporter-output>
          </reporter-output>
        </test-method> <!-- CP004_modo_oscuro -->
        <test-method is-config="true" signature="posPrueba()[pri:0, instance:tests.Tests@78e4deb0]" started-at="2022-08-29T21:43:45Z" name="posPrueba" finished-at="2022-08-29T21:43:48Z" duration-ms="2396" status="PASS">
          <reporter-output>
          </reporter-output>
        </test-method> <!-- posPrueba -->
      </class> <!-- tests.Tests -->
    </test> <!-- Casos de prueba -->
  </suite> <!-- Suite pruebas de regresión -->
</testng-results>
