<?xml version="1.0" encoding="UTF-8"?>
<testng-results ignored="1" total="5" passed="4" failed="0" skipped="0">
  <reporter-output>
  </reporter-output>
  <suite started-at="2022-08-25T23:39:00Z" name="Suite pruebas de regresión" finished-at="2022-08-25T23:39:42Z" duration-ms="41835">
    <groups>
    </groups>
    <test started-at="2022-08-25T23:39:00Z" name="Casos de prueba" finished-at="2022-08-25T23:39:42Z" duration-ms="41835">
      <class name="tests.Tests">
        <test-method is-config="true" signature="preparacionEjecucion()[pri:0, instance:tests.Tests@53fe15ff]" started-at="2022-08-25T23:39:00Z" name="preparacionEjecucion" finished-at="2022-08-25T23:39:02Z" duration-ms="1577" status="PASS">
          <reporter-output>
          </reporter-output>
        </test-method> <!-- preparacionEjecucion -->
        <test-method signature="CP002_login_exitoso()[pri:0, instance:tests.Tests@53fe15ff]" started-at="2022-08-25T23:39:02Z" name="CP002_login_exitoso" finished-at="2022-08-25T23:39:06Z" duration-ms="3781" status="PASS">
          <reporter-output>
          </reporter-output>
        </test-method> <!-- CP002_login_exitoso -->
        <test-method is-config="true" signature="posPrueba()[pri:0, instance:tests.Tests@53fe15ff]" started-at="2022-08-25T23:39:06Z" name="posPrueba" finished-at="2022-08-25T23:39:08Z" duration-ms="2402" status="PASS">
          <reporter-output>
          </reporter-output>
        </test-method> <!-- posPrueba -->
        <test-method is-config="true" signature="preparacionEjecucion()[pri:0, instance:tests.Tests@53fe15ff]" started-at="2022-08-25T23:39:08Z" name="preparacionEjecucion" finished-at="2022-08-25T23:39:10Z" duration-ms="1473" status="PASS">
          <reporter-output>
          </reporter-output>
        </test-method> <!-- preparacionEjecucion -->
        <test-method signature="CP003_cerrar_sesion()[pri:0, instance:tests.Tests@53fe15ff]" started-at="2022-08-25T23:39:10Z" name="CP003_cerrar_sesion" finished-at="2022-08-25T23:39:15Z" duration-ms="5011" status="PASS">
          <reporter-output>
          </reporter-output>
        </test-method> <!-- CP003_cerrar_sesion -->
        <test-method is-config="true" signature="posPrueba()[pri:0, instance:tests.Tests@53fe15ff]" started-at="2022-08-25T23:39:15Z" name="posPrueba" finished-at="2022-08-25T23:39:17Z" duration-ms="2401" status="PASS">
          <reporter-output>
          </reporter-output>
        </test-method> <!-- posPrueba -->
        <test-method is-config="true" signature="preparacionEjecucion()[pri:0, instance:tests.Tests@53fe15ff]" started-at="2022-08-25T23:39:17Z" name="preparacionEjecucion" finished-at="2022-08-25T23:39:19Z" duration-ms="1507" status="PASS">
          <reporter-output>
          </reporter-output>
        </test-method> <!-- preparacionEjecucion -->
        <test-method signature="CP010_crear_historia()[pri:0, instance:tests.Tests@53fe15ff]" started-at="2022-08-25T23:39:19Z" name="CP010_crear_historia" finished-at="2022-08-25T23:39:30Z" duration-ms="11520" status="PASS">
          <reporter-output>
          </reporter-output>
        </test-method> <!-- CP010_crear_historia -->
        <test-method is-config="true" signature="posPrueba()[pri:0, instance:tests.Tests@53fe15ff]" started-at="2022-08-25T23:39:30Z" name="posPrueba" finished-at="2022-08-25T23:39:33Z" duration-ms="2401" status="PASS">
          <reporter-output>
          </reporter-output>
        </test-method> <!-- posPrueba -->
        <test-method is-config="true" signature="preparacionEjecucion()[pri:0, instance:tests.Tests@53fe15ff]" started-at="2022-08-25T23:39:33Z" name="preparacionEjecucion" finished-at="2022-08-25T23:39:34Z" duration-ms="1539" status="PASS">
          <reporter-output>
          </reporter-output>
        </test-method> <!-- preparacionEjecucion -->
        <test-method signature="CP004_modo_oscuro()[pri:0, instance:tests.Tests@53fe15ff]" started-at="2022-08-25T23:39:34Z" name="CP004_modo_oscuro" finished-at="2022-08-25T23:39:40Z" duration-ms="5814" status="PASS">
          <reporter-output>
          </reporter-output>
        </test-method> <!-- CP004_modo_oscuro -->
        <test-method is-config="true" signature="posPrueba()[pri:0, instance:tests.Tests@53fe15ff]" started-at="2022-08-25T23:39:40Z" name="posPrueba" finished-at="2022-08-25T23:39:42Z" duration-ms="2398" status="PASS">
          <reporter-output>
          </reporter-output>
        </test-method> <!-- posPrueba -->
      </class> <!-- tests.Tests -->
    </test> <!-- Casos de prueba -->
  </suite> <!-- Suite pruebas de regresión -->
</testng-results>
