<?xml version="1.0" encoding="UTF-8"?>
<!-- Generated by org.testng.reporters.JUnitXMLReporter -->
<testsuite ignored="1" hostname="DESKTOP-M1A2ER6" failures="0" tests="4" name="Casos de prueba" time="41.835" errors="0" timestamp="25 Aug 2022 23:39:42 GMT">
  <testcase classname="tests.Tests" name="CP002_login_exitoso" time="3.781"/>
  <testcase classname="tests.Tests" name="CP003_cerrar_sesion" time="5.011"/>
  <testcase classname="tests.Tests" name="CP010_crear_historia" time="11.52"/>
  <testcase classname="tests.Tests" name="CP004_modo_oscuro" time="5.814"/>
  <testcase classname="tests.Tests" name="CP001_login_fallido" time="0.0">
    <ignored/>
  </testcase> <!-- CP001_login_fallido -->
</testsuite> <!-- Casos de prueba -->
