<?xml version="1.0" encoding="UTF-8"?>
<!-- Generated by org.testng.reporters.JUnitXMLReporter -->
<testsuite ignored="14" hostname="CL-NB-650" failures="0" tests="2" name="Casos de prueba" time="23.258" errors="0" timestamp="12 ago. 2022 14:23:19 GMT">
  <testcase classname="tests.Tests" name="CP001_login_fallido" time="5.563"/>
  <testcase classname="tests.Tests3" name="CP001_login_fallido" time="3.136"/>
  <testcase classname="tests.Tests" name="CP008" time="0.0">
    <ignored/>
  </testcase> <!-- CP008 -->
  <testcase classname="tests.Tests" name="CP006" time="0.0">
    <ignored/>
  </testcase> <!-- CP006 -->
  <testcase classname="tests.Tests" name="CP007" time="0.0">
    <ignored/>
  </testcase> <!-- CP007 -->
  <testcase classname="tests.Tests" name="CP005" time="0.0">
    <ignored/>
  </testcase> <!-- CP005 -->
  <testcase classname="tests.Tests3" name="CP003" time="0.0">
    <ignored/>
  </testcase> <!-- CP003 -->
  <testcase classname="tests.Tests3" name="CP002" time="0.0">
    <ignored/>
  </testcase> <!-- CP002 -->
  <testcase classname="tests.Tests3" name="CP005" time="0.0">
    <ignored/>
  </testcase> <!-- CP005 -->
  <testcase classname="tests.Tests3" name="CP004" time="0.0">
    <ignored/>
  </testcase> <!-- CP004 -->
  <testcase classname="tests.Tests3" name="CP007" time="0.0">
    <ignored/>
  </testcase> <!-- CP007 -->
  <testcase classname="tests.Tests3" name="CP006" time="0.0">
    <ignored/>
  </testcase> <!-- CP006 -->
  <testcase classname="tests.Tests" name="CP004" time="0.0">
    <ignored/>
  </testcase> <!-- CP004 -->
  <testcase classname="tests.Tests3" name="CP008" time="0.0">
    <ignored/>
  </testcase> <!-- CP008 -->
  <testcase classname="tests.Tests" name="CP002" time="0.0">
    <ignored/>
  </testcase> <!-- CP002 -->
  <testcase classname="tests.Tests" name="CP003" time="0.0">
    <ignored/>
  </testcase> <!-- CP003 -->
</testsuite> <!-- Casos de prueba -->
